# JRE version: OpenJDK Runtime Environment Temurin-21.0.10+7 (21.0.10+7) (build 21.0.10+7-LTS)
# Java VM: OpenJDK 64-Bit Server VM Temurin-21.0.10+7 (21.0.10+7-LTS, mixed mode, sharing, tiered, compressed oops, compressed class ptrs, parallel gc, windows-amd64)
GC Precious Log:
 CardTable entry size: 512
 CPUs: 12 total, 12 available
 Memory: 7531M
 Large Page Support: Disabled
 NUMA Support: Disabled
 Compressed Oops: Enabled (32-bit)
 Alignments: Space 512K, Generation 512K, Heap 2M
 Heap Min Capacity: 100M
 Heap Initial Capacity: 100M
 Heap Max Capacity: 2G
 Pre-touch: Disabled
 Parallel Workers: 10
Heap:
 PSYoungGen      total 4608K, used 586K [0x00000000d5580000, 0x00000000d5c00000, 0x0000000100000000)
  eden space 4096K, 4% used [0x00000000d5580000,0x00000000d55b2818,0x00000000d5980000)
  from space 512K, 75% used [0x00000000d5b00000,0x00000000d5b60020,0x00000000d5b80000)
  to   space 512K, 0% used [0x00000000d5b80000,0x00000000d5b80000,0x00000000d5c00000)
 ParOldGen       total 851456K, used 851349K [0x0000000080000000, 0x00000000b3f80000, 0x00000000d5580000)
  object space 851456K, 99% used [0x0000000080000000,0x00000000b3f65750,0x00000000b3f80000)
 Metaspace       used 86523K, committed 88192K, reserved 1179648K
  class space    used 8771K, committed 9600K, reserved 1048576K
GC Heap History (20 events):
Event: 7357.334 GC heap before
{Heap before GC invocations=944 (full 4):
 PSYoungGen      total 5120K, used 4736K [0x00000000d5580000, 0x00000000d5e00000, 0x0000000100000000)
  eden space 4096K, 100% used [0x00000000d5580000,0x00000000d5980000,0x00000000d5980000)
  from space 1024K, 62% used [0x00000000d5c00000,0x00000000d5ca0000,0x00000000d5d00000)
  to   space 1024K, 0% used [0x00000000d5d00000,0x00000000d5d00000,0x00000000d5e00000)
 ParOldGen       total 847360K, used 846859K [0x0000000080000000, 0x00000000b3b80000, 0x00000000d5580000)
  object space 847360K, 99% used [0x0000000080000000,0x00000000b3b02ff8,0x00000000b3b80000)
 Metaspace       used 86483K, committed 88192K, reserved 1179648K
  class space    used 8771K, committed 9600K, reserved 1048576K
}
Event: 7357.340 GC heap after
{Heap after GC invocations=944 (full 4):
 PSYoungGen      total 5120K, used 756K [0x00000000d5580000, 0x00000000d5e00000, 0x0000000100000000)
  eden space 4096K, 0% used [0x00000000d5580000,0x00000000d5580000,0x00000000d5980000)
  from space 1024K, 73% used [0x00000000d5d00000,0x00000000d5dbd220,0x00000000d5e00000)
  to   space 1024K, 0% used [0x00000000d5c00000,0x00000000d5c00000,0x00000000d5d00000)
 ParOldGen       total 847360K, used 847332K [0x0000000080000000, 0x00000000b3b80000, 0x00000000d5580000)
  object space 847360K, 99% used [0x0000000080000000,0x00000000b3b79018,0x00000000b3b80000)
 Metaspace       used 86483K, committed 88192K, reserved 1179648K
  class space    used 8771K, committed 9600K, reserved 1048576K
}
Event: 7357.378 GC heap before
{Heap before GC invocations=945 (full 4):
 PSYoungGen      total 5120K, used 4852K [0x00000000d5580000, 0x00000000d5e00000, 0x0000000100000000)
  eden space 4096K, 100% used [0x00000000d5580000,0x00000000d5980000,0x00000000d5980000)
  from space 1024K, 73% used [0x00000000d5d00000,0x00000000d5dbd220,0x00000000d5e00000)
  to   space 1024K, 0% used [0x00000000d5c00000,0x00000000d5c00000,0x00000000d5d00000)
 ParOldGen       total 847360K, used 847332K [0x0000000080000000, 0x00000000b3b80000, 0x00000000d5580000)
  object space 847360K, 99% used [0x0000000080000000,0x00000000b3b79018,0x00000000b3b80000)
 Metaspace       used 86483K, committed 88192K, reserved 1179648K
  class space    used 8771K, committed 9600K, reserved 1048576K
}
Event: 7357.391 GC heap after
{Heap after GC invocations=945 (full 4):
 PSYoungGen      total 5120K, used 544K [0x00000000d5580000, 0x00000000d5d80000, 0x0000000100000000)
  eden space 4096K, 0% used [0x00000000d5580000,0x00000000d5580000,0x00000000d5980000)
  from space 1024K, 53% used [0x00000000d5c00000,0x00000000d5c88020,0x00000000d5d00000)
  to   space 512K, 0% used [0x00000000d5d00000,0x00000000d5d00000,0x00000000d5d80000)
 ParOldGen       total 848384K, used 847936K [0x0000000080000000, 0x00000000b3c80000, 0x00000000d5580000)
  object space 848384K, 99% used [0x0000000080000000,0x00000000b3c101b8,0x00000000b3c80000)
 Metaspace       used 86483K, committed 88192K, reserved 1179648K
  class space    used 8771K, committed 9600K, reserved 1048576K
}
Event: 7357.409 GC heap before
{Heap before GC invocations=946 (full 4):
 PSYoungGen      total 5120K, used 4640K [0x00000000d5580000, 0x00000000d5d80000, 0x0000000100000000)
  eden space 4096K, 100% used [0x00000000d5580000,0x00000000d5980000,0x00000000d5980000)
  from space 1024K, 53% used [0x00000000d5c00000,0x00000000d5c88020,0x00000000d5d00000)
  to   space 512K, 0% used [0x00000000d5d00000,0x00000000d5d00000,0x00000000d5d80000)
 ParOldGen       total 848384K, used 847936K [0x0000000080000000, 0x00000000b3c80000, 0x00000000d5580000)
  object space 848384K, 99% used [0x0000000080000000,0x00000000b3c101b8,0x00000000b3c80000)
 Metaspace       used 86483K, committed 88192K, reserved 1179648K
  class space    used 8771K, committed 9600K, reserved 1048576K
}
Event: 7357.416 GC heap after
{Heap after GC invocations=946 (full 4):
 PSYoungGen      total 4608K, used 496K [0x00000000d5580000, 0x00000000d5d80000, 0x0000000100000000)
  eden space 4096K, 0% used [0x00000000d5580000,0x00000000d5580000,0x00000000d5980000)
  from space 512K, 96% used [0x00000000d5d00000,0x00000000d5d7c010,0x00000000d5d80000)
  to   space 1024K, 0% used [0x00000000d5b80000,0x00000000d5b80000,0x00000000d5c80000)
 ParOldGen       total 848384K, used 848343K [0x0000000080000000, 0x00000000b3c80000, 0x00000000d5580000)
  object space 848384K, 99% used [0x0000000080000000,0x00000000b3c75e00,0x00000000b3c80000)
 Metaspace       used 86483K, committed 88192K, reserved 1179648K
  class space    used 8771K, committed 9600K, reserved 1048576K
}
Event: 7357.448 GC heap before
{Heap before GC invocations=947 (full 4):
 PSYoungGen      total 4608K, used 4592K [0x00000000d5580000, 0x00000000d5d80000, 0x0000000100000000)
  eden space 4096K, 100% used [0x00000000d5580000,0x00000000d5980000,0x00000000d5980000)
  from space 512K, 96% used [0x00000000d5d00000,0x00000000d5d7c010,0x00000000d5d80000)
  to   space 1024K, 0% used [0x00000000d5b80000,0x00000000d5b80000,0x00000000d5c80000)
 ParOldGen       total 848384K, used 848343K [0x0000000080000000, 0x00000000b3c80000, 0x00000000d5580000)
  object space 848384K, 99% used [0x0000000080000000,0x00000000b3c75e00,0x00000000b3c80000)
 Metaspace       used 86483K, committed 88192K, reserved 1179648K
  class space    used 8771K, committed 9600K, reserved 1048576K
}
Event: 7357.452 GC heap after
{Heap after GC invocations=947 (full 4):
 PSYoungGen      total 5120K, used 720K [0x00000000d5580000, 0x00000000d5d80000, 0x0000000100000000)
  eden space 4096K, 0% used [0x00000000d5580000,0x00000000d5580000,0x00000000d5980000)
  from space 1024K, 70% used [0x00000000d5b80000,0x00000000d5c34010,0x00000000d5c80000)
  to   space 1024K, 0% used [0x00000000d5c80000,0x00000000d5c80000,0x00000000d5d80000)
 ParOldGen       total 848896K, used 848695K [0x0000000080000000, 0x00000000b3d00000, 0x00000000d5580000)
  object space 848896K, 99% used [0x0000000080000000,0x00000000b3ccde20,0x00000000b3d00000)
 Metaspace       used 86483K, committed 88192K, reserved 1179648K
  class space    used 8771K, committed 9600K, reserved 1048576K
}
Event: 7357.587 GC heap before
{Heap before GC invocations=948 (full 4):
 PSYoungGen      total 5120K, used 4816K [0x00000000d5580000, 0x00000000d5d80000, 0x0000000100000000)
  eden space 4096K, 100% used [0x00000000d5580000,0x00000000d5980000,0x00000000d5980000)
  from space 1024K, 70% used [0x00000000d5b80000,0x00000000d5c34010,0x00000000d5c80000)
  to   space 1024K, 0% used [0x00000000d5c80000,0x00000000d5c80000,0x00000000d5d80000)
 ParOldGen       total 848896K, used 848695K [0x0000000080000000, 0x00000000b3d00000, 0x00000000d5580000)
  object space 848896K, 99% used [0x0000000080000000,0x00000000b3ccde20,0x00000000b3d00000)
 Metaspace       used 86484K, committed 88192K, reserved 1179648K
  class space    used 8771K, committed 9600K, reserved 1048576K
}
Event: 7357.591 GC heap after
{Heap after GC invocations=948 (full 4):
 PSYoungGen      total 5120K, used 1018K [0x00000000d5580000, 0x00000000d5d80000, 0x0000000100000000)
  eden space 4096K, 0% used [0x00000000d5580000,0x00000000d5580000,0x00000000d5980000)
  from space 1024K, 99% used [0x00000000d5c80000,0x00000000d5d7e900,0x00000000d5d80000)
  to   space 1536K, 0% used [0x00000000d5a80000,0x00000000d5a80000,0x00000000d5c00000)
 ParOldGen       total 849408K, used 849225K [0x0000000080000000, 0x00000000b3d80000, 0x00000000d5580000)
  object space 849408K, 99% used [0x0000000080000000,0x00000000b3d52780,0x00000000b3d80000)
 Metaspace       used 86484K, committed 88192K, reserved 1179648K
  class space    used 8771K, committed 9600K, reserved 1048576K
}
Event: 7357.645 GC heap before
{Heap before GC invocations=949 (full 4):
 PSYoungGen      total 5120K, used 5114K [0x00000000d5580000, 0x00000000d5d80000, 0x0000000100000000)
  eden space 4096K, 100% used [0x00000000d5580000,0x00000000d5980000,0x00000000d5980000)
  from space 1024K, 99% used [0x00000000d5c80000,0x00000000d5d7e900,0x00000000d5d80000)
  to   space 1536K, 0% used [0x00000000d5a80000,0x00000000d5a80000,0x00000000d5c00000)
 ParOldGen       total 849408K, used 849225K [0x0000000080000000, 0x00000000b3d80000, 0x00000000d5580000)
  object space 849408K, 99% used [0x0000000080000000,0x00000000b3d52780,0x00000000b3d80000)
 Metaspace       used 86485K, committed 88192K, reserved 1179648K
  class space    used 8771K, committed 9600K, reserved 1048576K
}
Event: 7357.650 GC heap after
{Heap after GC invocations=949 (full 4):
 PSYoungGen      total 5632K, used 592K [0x00000000d5580000, 0x00000000d5d00000, 0x0000000100000000)
  eden space 4096K, 0% used [0x00000000d5580000,0x00000000d5580000,0x00000000d5980000)
  from space 1536K, 38% used [0x00000000d5a80000,0x00000000d5b14030,0x00000000d5c00000)
  to   space 1024K, 0% used [0x00000000d5c00000,0x00000000d5c00000,0x00000000d5d00000)
 ParOldGen       total 850432K, used 850103K [0x0000000080000000, 0x00000000b3e80000, 0x00000000d5580000)
  object space 850432K, 99% used [0x0000000080000000,0x00000000b3e2df20,0x00000000b3e80000)
 Metaspace       used 86485K, committed 88192K, reserved 1179648K
  class space    used 8771K, committed 9600K, reserved 1048576K
}
Event: 7357.699 GC heap before
{Heap before GC invocations=950 (full 4):
 PSYoungGen      total 5632K, used 4688K [0x00000000d5580000, 0x00000000d5d00000, 0x0000000100000000)
  eden space 4096K, 100% used [0x00000000d5580000,0x00000000d5980000,0x00000000d5980000)
  from space 1536K, 38% used [0x00000000d5a80000,0x00000000d5b14030,0x00000000d5c00000)
  to   space 1024K, 0% used [0x00000000d5c00000,0x00000000d5c00000,0x00000000d5d00000)
 ParOldGen       total 850432K, used 850103K [0x0000000080000000, 0x00000000b3e80000, 0x00000000d5580000)
  object space 850432K, 99% used [0x0000000080000000,0x00000000b3e2df20,0x00000000b3e80000)
 Metaspace       used 86488K, committed 88192K, reserved 1179648K
  class space    used 8771K, committed 9600K, reserved 1048576K
}
Event: 7357.706 GC heap after
{Heap after GC invocations=950 (full 4):
 PSYoungGen      total 5120K, used 672K [0x00000000d5580000, 0x00000000d5d00000, 0x0000000100000000)
  eden space 4096K, 0% used [0x00000000d5580000,0x00000000d5580000,0x00000000d5980000)
  from space 1024K, 65% used [0x00000000d5c00000,0x00000000d5ca8020,0x00000000d5d00000)
  to   space 1024K, 0% used [0x00000000d5b00000,0x00000000d5b00000,0x00000000d5c00000)
 ParOldGen       total 850944K, used 850575K [0x0000000080000000, 0x00000000b3f00000, 0x00000000d5580000)
  object space 850944K, 99% used [0x0000000080000000,0x00000000b3ea3f60,0x00000000b3f00000)
 Metaspace       used 86488K, committed 88192K, reserved 1179648K
  class space    used 8771K, committed 9600K, reserved 1048576K
}
Event: 7900.484 GC heap before
{Heap before GC invocations=951 (full 4):
 PSYoungGen      total 5120K, used 4767K [0x00000000d5580000, 0x00000000d5d00000, 0x0000000100000000)
  eden space 4096K, 99% used [0x00000000d5580000,0x00000000d597ff30,0x00000000d5980000)
  from space 1024K, 65% used [0x00000000d5c00000,0x00000000d5ca8020,0x00000000d5d00000)
  to   space 1024K, 0% used [0x00000000d5b00000,0x00000000d5b00000,0x00000000d5c00000)
 ParOldGen       total 850944K, used 850575K [0x0000000080000000, 0x00000000b3f00000, 0x00000000d5580000)
  object space 850944K, 99% used [0x0000000080000000,0x00000000b3ea3f60,0x00000000b3f00000)
 Metaspace       used 86499K, committed 88192K, reserved 1179648K
  class space    used 8771K, committed 9600K, reserved 1048576K
}
Event: 7900.690 GC heap after
{Heap after GC invocations=951 (full 4):
 PSYoungGen      total 4608K, used 448K [0x00000000d5580000, 0x00000000d5c80000, 0x0000000100000000)
  eden space 4096K, 0% used [0x00000000d5580000,0x00000000d5580000,0x00000000d5980000)
  from space 512K, 87% used [0x00000000d5b00000,0x00000000d5b70000,0x00000000d5b80000)
  to   space 1024K, 0% used [0x00000000d5b80000,0x00000000d5b80000,0x00000000d5c80000)
 ParOldGen       total 851456K, used 851069K [0x0000000080000000, 0x00000000b3f80000, 0x00000000d5580000)
  object space 851456K, 99% used [0x0000000080000000,0x00000000b3f1f720,0x00000000b3f80000)
 Metaspace       used 86499K, committed 88192K, reserved 1179648K
  class space    used 8771K, committed 9600K, reserved 1048576K
}
Event: 8106.995 GC heap before
{Heap before GC invocations=952 (full 4):
 PSYoungGen      total 4608K, used 4544K [0x00000000d5580000, 0x00000000d5c80000, 0x0000000100000000)
  eden space 4096K, 100% used [0x00000000d5580000,0x00000000d5980000,0x00000000d5980000)
  from space 512K, 87% used [0x00000000d5b00000,0x00000000d5b70000,0x00000000d5b80000)
  to   space 1024K, 0% used [0x00000000d5b80000,0x00000000d5b80000,0x00000000d5c80000)
 ParOldGen       total 851456K, used 851069K [0x0000000080000000, 0x00000000b3f80000, 0x00000000d5580000)
  object space 851456K, 99% used [0x0000000080000000,0x00000000b3f1f720,0x00000000b3f80000)
 Metaspace       used 86509K, committed 88192K, reserved 1179648K
  class space    used 8771K, committed 9600K, reserved 1048576K
}
Event: 8107.183 GC heap after
{Heap after GC invocations=952 (full 4):
 PSYoungGen      total 4608K, used 320K [0x00000000d5580000, 0x00000000d5c00000, 0x0000000100000000)
  eden space 4096K, 0% used [0x00000000d5580000,0x00000000d5580000,0x00000000d5980000)
  from space 512K, 62% used [0x00000000d5b80000,0x00000000d5bd0020,0x00000000d5c00000)
  to   space 512K, 0% used [0x00000000d5b00000,0x00000000d5b00000,0x00000000d5b80000)
 ParOldGen       total 851456K, used 851189K [0x0000000080000000, 0x00000000b3f80000, 0x00000000d5580000)
  object space 851456K, 99% used [0x0000000080000000,0x00000000b3f3d730,0x00000000b3f80000)
 Metaspace       used 86509K, committed 88192K, reserved 1179648K
  class space    used 8771K, committed 9600K, reserved 1048576K
}
Event: 8108.096 GC heap before
{Heap before GC invocations=953 (full 4):
 PSYoungGen      total 4608K, used 4416K [0x00000000d5580000, 0x00000000d5c00000, 0x0000000100000000)
  eden space 4096K, 100% used [0x00000000d5580000,0x00000000d5980000,0x00000000d5980000)
  from space 512K, 62% used [0x00000000d5b80000,0x00000000d5bd0020,0x00000000d5c00000)
  to   space 512K, 0% used [0x00000000d5b00000,0x00000000d5b00000,0x00000000d5b80000)
 ParOldGen       total 851456K, used 851189K [0x0000000080000000, 0x00000000b3f80000, 0x00000000d5580000)
  object space 851456K, 99% used [0x0000000080000000,0x00000000b3f3d730,0x00000000b3f80000)
 Metaspace       used 86523K, committed 88192K, reserved 1179648K
  class space    used 8771K, committed 9600K, reserved 1048576K
}
Event: 8108.099 GC heap after
{Heap after GC invocations=953 (full 4):
 PSYoungGen      total 4608K, used 384K [0x00000000d5580000, 0x00000000d5c00000, 0x0000000100000000)
  eden space 4096K, 0% used [0x00000000d5580000,0x00000000d5580000,0x00000000d5980000)
  from space 512K, 75% used [0x00000000d5b00000,0x00000000d5b60020,0x00000000d5b80000)
  to   space 512K, 0% used [0x00000000d5b80000,0x00000000d5b80000,0x00000000d5c00000)
 ParOldGen       total 851456K, used 851349K [0x0000000080000000, 0x00000000b3f80000, 0x00000000d5580000)
  object space 851456K, 99% used [0x0000000080000000,0x00000000b3f65750,0x00000000b3f80000)
 Metaspace       used 86523K, committed 88192K, reserved 1179648K
  class space    used 8771K, committed 9600K, reserved 1048576K
}

